<?xml version="1.0" encoding="UTF-8"?>
<!-- Generated by org.testng.reporters.JUnitReportReporter -->
<testsuite skipped="0" hostname="SANDDY" name="com.testcases.verifyMouldingFunctionality" tests="1" failures="0" timestamp="24 Feb 2019 17:04:14 GMT" time="14.569" errors="0">
  <testcase name="myTest" time="14.569" classname="com.testcases.verifyMouldingFunctionality"/>
</testsuite> <!-- com.testcases.verifyMouldingFunctionality -->
